<?xml version="1.0" encoding="UTF-8"?>
<testng-results skipped="0" failed="0" ignored="0" total="2" passed="2">
  <reporter-output>
  </reporter-output>
  <suite name="Suite1" duration-ms="31" started-at="2022-04-18T16:49:36 AST" finished-at="2022-04-18T16:49:36 AST">
    <groups>
    </groups>
    <test name="test1" duration-ms="31" started-at="2022-04-18T16:49:36 AST" finished-at="2022-04-18T16:49:36 AST">
      <class name="TestEmployeeDetails">
        <test-method status="PASS" signature="testCalculateAppriasal()[pri:0, instance:TestEmployeeDetails@756e4d]" name="testCalculateAppriasal" duration-ms="16" started-at="2022-04-18T16:49:36 AST" finished-at="2022-04-18T16:49:36 AST">
          <reporter-output>
          </reporter-output>
        </test-method> <!-- testCalculateAppriasal -->
        <test-method status="PASS" signature="testCalculateYearlySalary()[pri:0, instance:TestEmployeeDetails@756e4d]" name="testCalculateYearlySalary" duration-ms="0" started-at="2022-04-18T16:49:36 AST" finished-at="2022-04-18T16:49:36 AST">
          <reporter-output>
          </reporter-output>
        </test-method> <!-- testCalculateYearlySalary -->
      </class> <!-- TestEmployeeDetails -->
    </test> <!-- test1 -->
  </suite> <!-- Suite1 -->
</testng-results>
